07/26/2021 21:07:12 INICIANDO...
07/26/2021 21:07:12 2.8.1.0
07/26/2021 21:07:12 Usuário: Aroucha's(Administrador)
07/26/2021 21:07:12 Versão do Sistema Operacional: 6.2.9200
07/26/2021 21:07:12 64 Bits: true
07/26/2021 21:07:12 Versão do Firefox.  ( 0.7 )
07/26/2021 21:07:12 UAC: Ativado
07/26/2021 21:07:12 Verificando se Firefox está instalado...
07/26/2021 21:07:12 Firefox não instalado.
07/26/2021 21:07:12 [Verificando Ambiente] Verificando...
07/26/2021 21:07:12 [Verificando Ambiente] Ativando Transport Layer Security (TLS)
07/26/2021 21:07:12 [Verificando Ambiente] Ok.
07/26/2021 21:07:12 [Arquivo hosts] Verificando...
07/26/2021 21:07:12 [Arquivo hosts] Ok.
07/26/2021 21:07:12 [Instalação de certificados raiz] Verificando...
07/26/2021 21:07:12 [Instalação de certificados raiz] Efetuando download do instalador...
07/26/2021 21:07:13 [Instalação de certificados raiz] Instalando...
07/26/2021 21:07:13 [Instalação de certificados raiz] Ok.
07/26/2021 21:07:13 [Terminal Services] Verificando...
07/26/2021 21:07:13 [Terminal Services] Ok.
07/26/2021 21:07:13 [Limpeza do cache IE] Verificando...
07/26/2021 21:07:13 [Limpeza do cache IE] Limpando...
07/26/2021 21:07:13 [Limpeza do cache IE] Ok.
07/26/2021 21:07:14 [Instalando Módulo de Segurança] Verificando...
07/26/2021 21:07:14 [Instalando Módulo de Segurança] Efetuando download do instalador...
07/26/2021 21:07:17 [Instalando Módulo de Segurança] Instalando...
07/26/2021 21:07:29 [Instalando Módulo de Segurança] Ok.
07/26/2021 21:07:29 [Preparando Ambiente] Verificando...
07/26/2021 21:07:29 [Preparando Ambiente] Ok.
07/26/2021 21:07:29 [Configurações do Módulo de Segurança] Verificando...
07/26/2021 21:07:29 [Configurações do Módulo de Segurança] Ok.
07/26/2021 21:07:29 [Instalando configurações da CAIXA] Verificando...
07/26/2021 21:07:33 [Instalando configurações da CAIXA] Ok.
07/26/2021 21:07:33 [Ajustando ambiente] Verificando...
07/26/2021 21:07:33 [Ajustando ambiente] Ok.
07/26/2021 21:07:33 [Atualizando listas] Verificando...
07/26/2021 21:07:33 [Atualizando listas] Ok.
07/26/2021 21:07:33 [Concluindo execucao] Verificando...
07/26/2021 21:07:35 [Concluindo execucao] CONCLUÍDO.
07/26/2021 21:07:35 CONCLUÍDO.
